00000000 size=4096    mtime=1316032835 ./.git
79bae6ac size=4168    mtime=1316549913 ./Changes
90cbc45c size=9762    mtime=1315689172 ./README
90db4329 size=679     mtime=1315430154 ./TODO
d3730e9b size=252     mtime=1222296176 ./common/chkalloc.c
6aaed895 size=10603   mtime=1314138920 ./common/coldisp.c
861aa410 size=1518    mtime=1197152012 ./common/coldisp.h
6b82908b size=14965   mtime=1315689159 ./common/commands.c
039135ff size=586     mtime=1311538111 ./common/graph.c
d1d23cdc size=5660    mtime=1315689145 ./common/psys.h
8640a2db size=5471    mtime=1313932826 ./common/screen.c
59c957e5 size=743     mtime=797593960 ./common/screen.h
85acd1e1 size=399     mtime=813911923 ./common/sigconv.awk
6977fac6 size=2165    mtime=1005253330 ./common/subs.c
2fe2f67d size=638     mtime=1036146583 ./files.lst
c546b4ae size=159     mtime=1316549900 ./include/build.h
05c3269b size=2740    mtime=1313177203 ./linux/cpu.c
9f17e8a0 size=81      mtime=984232449 ./linux/dev.c
fc0bd658 size=2646    mtime=1314465027 ./linux/disk.c
b89e1207 size=12586   mtime=1314046442 ./linux/graph.c
6d540a82 size=1204    mtime=1312969926 ./linux/graph.h
bd11934b size=3424    mtime=1315519112 ./linux/graphs.c
dc3956c6 size=1883    mtime=1315690136 ./linux/ifconfig.c
1a2d7228 size=1448    mtime=1313176915 ./linux/include.h
6b2675e2 size=3686    mtime=1315693009 ./linux/interrupts.c
00000000 size=0       mtime=984233087 ./linux/kernel.c
578faba6 size=2180    mtime=1313870083 ./linux/meminfo.c
ab8a5290 size=2374    mtime=1222292038 ./linux/mincore.c
8b9544e9 size=33232   mtime=1316549890 ./linux/monitor.c
95a731b2 size=8657    mtime=1315261102 ./linux/netstat.c
875d70f2 size=57309   mtime=1316032760 ./linux/proc.c
18690bb9 size=3301    mtime=1315603224 ./linux/protocol.c
44c44437 size=140     mtime=1310914667 ./linux/sigdesc.h
95c8957b size=2225    mtime=1312534116 ./linux/softirqs.c
3a492294 size=147     mtime=984184451 ./linux/streams.c
30e0cc2e size=1952    mtime=1313181154 ./linux/vmstat.c
2fe4c7cf size=4893    mtime=1315687774 ./makefile
b4192028 size=5848    mtime=1312703761 ./procstat.c
e213f193 size=1024    mtime=1313083655 ./scripts/p.pl
72d3cd1c size=6430    mtime=1312833862 ./scripts/pidmon.pl
04dda39c size=6885    mtime=1312582925 ./scripts/proc.pl
78f2e05d size=5288    mtime=1312829399 ./scripts/rup.pl
e3d7e572 size=5158    mtime=984184300 ./solaris/dev.c
b5017b26 size=77      mtime=984185020 ./solaris/include.h
d9ce5bab size=3679    mtime=950604649 ./solaris/kernel.c
9a4e4d8c size=2543    mtime=797691873 ./solaris/kstat.c
b0f6f9bc size=26898   mtime=1037880658 ./solaris/proc.c
7fe2be54 size=720     mtime=1037875666 ./solaris/sigdesc.h
0e90500d size=6443    mtime=857602078 ./solaris/sol2uid.c
ae6c78b8 size=2595    mtime=833659713 ./solaris/streams.c
2a5d124e size=999     mtime=1316118580 ./x.s
