.
./makefile
./bin.linux
./bin.linux/coldisp.o
./bin.linux/commands.o
./bin.linux/dev.o
./bin.linux/kernel.o
./bin.linux/proc.o
./bin.linux/screen.o
./bin.linux/streams.o
./bin.linux/subs.o
./bin.linux/proc
./common
./common/coldisp.c
./common/coldisp.h
./common/commands.c
./common/screen.c
./common/screen.h
./common/subs.c
./common/sigconv.awk
./common/psys.h
./checksum.lst
./solaris
./solaris/streams.c
./solaris/include.h
./solaris/dev.c
./solaris/kernel.c
./solaris/kstat.c
./solaris/proc.c
./solaris/sol2uid.c
./linux
./linux/streams.c
./linux/include.h
./linux/sigdesc.h
./linux/dev.c
./linux/kernel.c
./linux/proc.c
./files.lst
